<?xml version="1.0" encoding="UTF-8"?>
<!-- Generated by org.testng.reporters.JUnitReportReporter -->
<testsuite hostname="QCENTRIS189" failures="0" tests="1" name="tests.TestBase2" time="0.026" errors="0" timestamp="2022-02-19T20:58:22 EET" skipped="0">
  <testcase classname="tests.TestBase2" name="scrollDown" time="0.026"/>
</testsuite> <!-- tests.TestBase2 -->
