<?xml version="1.0" encoding="UTF-8"?>
<!-- Generated by org.testng.reporters.JUnitReportReporter -->
<testsuite hostname="QCENTRIS189" failures="0" tests="1" name="tests.ContacUsTest2withCSV" time="7.920" errors="0" timestamp="2022-02-21T19:50:33 EET" skipped="0">
  <testcase classname="tests.ContacUsTest2withCSV" name="fillContactUsForm" time="7.920"/>
</testsuite> <!-- tests.ContacUsTest2withCSV -->
