<?xml version="1.0" encoding="UTF-8"?>
<!-- Generated by org.testng.reporters.JUnitReportReporter -->
<testsuite hostname="QCENTRIS189" failures="0" tests="5" name="tests.ApplyTest" time="23.370" errors="0" timestamp="2022-02-21T19:50:33 EET" skipped="0">
  <testcase classname="tests.ApplyTest" name="OpenApplyPopup" time="0.169"/>
  <testcase classname="tests.ApplyTest" name="fillApplyForm" time="5.905"/>
  <testcase classname="tests.ApplyTest" name="openCareerTab" time="6.193"/>
  <testcase classname="tests.ApplyTest" name="filterOpenPositionsBySofia" time="4.028"/>
  <testcase classname="tests.ApplyTest" name="filterOpenPositionsBySkopje" time="7.075"/>
</testsuite> <!-- tests.ApplyTest -->
