<?xml version="1.0" encoding="UTF-8"?>
<!-- Generated by org.testng.reporters.JUnitReportReporter -->
<testsuite hostname="QCENTRIS189" failures="0" tests="3" name="tests.CreersTest" time="18.581" errors="0" timestamp="2022-02-21T16:18:03 EET" skipped="0">
  <testcase classname="tests.CreersTest" name="naviagteToCareer" time="16.346"/>
  <testcase classname="tests.CreersTest" name="naviagteToPosition" time="2.100"/>
  <testcase classname="tests.CreersTest" name="checkItemesDisplay" time="0.135"/>
</testsuite> <!-- tests.CreersTest -->
