<?xml version="1.0" encoding="UTF-8"?>
<!-- Generated by org.testng.reporters.JUnitReportReporter -->
<testsuite hostname="QCENTRIS189" failures="0" tests="5" name="tests.ApplyTest" time="21.920" errors="0" timestamp="2022-02-21T16:18:03 EET" skipped="0">
  <testcase classname="tests.ApplyTest" name="OpenApplyPopup" time="0.212"/>
  <testcase classname="tests.ApplyTest" name="fillApplyForm" time="5.880"/>
  <testcase classname="tests.ApplyTest" name="openCareerTab" time="7.838"/>
  <testcase classname="tests.ApplyTest" name="filterOpenPositionsBySofia" time="4.024"/>
  <testcase classname="tests.ApplyTest" name="filterOpenPositionsBySkopje" time="3.966"/>
</testsuite> <!-- tests.ApplyTest -->
