<?xml version="1.0" encoding="UTF-8"?>
<!-- Generated by org.testng.reporters.JUnitReportReporter -->
<testsuite hostname="QCENTRIS189" failures="0" tests="1" name="tests.HomePageTest" time="0.017" errors="0" timestamp="2022-02-21T19:50:33 EET" skipped="0">
  <testcase classname="tests.HomePageTest" name="scrollDown" time="0.017"/>
</testsuite> <!-- tests.HomePageTest -->
