<?xml version="1.0" encoding="UTF-8"?>
<!-- Generated by org.testng.reporters.JUnitReportReporter -->
<testsuite hostname="QCENTRIS189" failures="0" tests="3" name="tests.CompanyTest" time="7.638" errors="0" timestamp="2022-02-21T19:50:33 EET" skipped="0">
  <testcase classname="tests.CompanyTest" name="verifyCompanyUrl" time="2.814"/>
  <testcase classname="tests.CompanyTest" name="verifyLeadershipDisplayed" time="0.091"/>
  <testcase classname="tests.CompanyTest" name="verifyFacebookPage" time="4.733"/>
</testsuite> <!-- tests.CompanyTest -->
