<?xml version="1.0" encoding="UTF-8"?>
<!-- Generated by org.testng.reporters.JUnitReportReporter -->
<testsuite hostname="QCENTRIS189" failures="0" tests="3" name="tests.CompanyTest" time="7.940" errors="0" timestamp="2022-02-21T16:18:03 EET" skipped="0">
  <testcase classname="tests.CompanyTest" name="verifyCompanyUrl" time="3.388"/>
  <testcase classname="tests.CompanyTest" name="verifyLeadershipDisplayed" time="0.074"/>
  <testcase classname="tests.CompanyTest" name="verifyFacebookPage" time="4.478"/>
</testsuite> <!-- tests.CompanyTest -->
