<?xml version="1.0" encoding="UTF-8"?>
<!-- Generated by org.testng.reporters.JUnitReportReporter -->
<testsuite hostname="QCENTRIS189" failures="0" tests="3" name="tests.CreersTest" time="17.958" errors="0" timestamp="2022-02-21T19:50:33 EET" skipped="0">
  <testcase classname="tests.CreersTest" name="naviagteToCareer" time="15.165"/>
  <testcase classname="tests.CreersTest" name="naviagteToPosition" time="2.671"/>
  <testcase classname="tests.CreersTest" name="checkItemesDisplay" time="0.122"/>
</testsuite> <!-- tests.CreersTest -->
