<?xml version="1.0" encoding="UTF-8"?>
<!-- Generated by org.testng.reporters.JUnitReportReporter -->
<testsuite hostname="QCENTRIS189" failures="0" tests="1" name="tests.ContacUsTest" time="1.276" errors="0" timestamp="2022-02-21T02:11:57 EET" skipped="0">
  <testcase classname="tests.ContacUsTest" name="fillContactUsForm" time="1.276"/>
</testsuite> <!-- tests.ContacUsTest -->
